# 20/01/10 08:49:28 GMT
# Eclipse Java Compiler 0.963, 3.5.0 rc3, Copyright IBM Corp 2000, 2008. All rights reserved.
----------
1. WARNING in /home/yy66/eclipse.build/plugins/core/src/edu/toronto/cs/openome/core/action/CleanProjects.java (at line 18)
	import org.eclipse.osgi.framework.debug.Debug;
	       ^^^^^^^^^^^^^^^^^^^^^^^^^^^^^^^^^^^^^^
Discouraged access: The type Debug is not accessible due to restriction on classpath entry /IDE/sdk/3.5/eclipse/plugins/org.eclipse.osgi_3.5.0.v20090520.jar
----------
2. WARNING in /home/yy66/eclipse.build/plugins/core/src/edu/toronto/cs/openome/core/action/CleanProjects.java (at line 94)
	Debug.DEBUG_LOADER = false;
	^^^^^^^^^^^^^^^^^^
Discouraged access: The type Debug is not accessible due to restriction on classpath entry /IDE/sdk/3.5/eclipse/plugins/org.eclipse.osgi_3.5.0.v20090520.jar
----------
3. WARNING in /home/yy66/eclipse.build/plugins/core/src/edu/toronto/cs/openome/core/action/CleanProjects.java (at line 94)
	Debug.DEBUG_LOADER = false;
	      ^^^^^^^^^^^^
Discouraged access: The field DEBUG_LOADER from the type Debug is not accessible due to restriction on classpath entry /IDE/sdk/3.5/eclipse/plugins/org.eclipse.osgi_3.5.0.v20090520.jar
----------
----------
4. WARNING in /home/yy66/eclipse.build/plugins/core/src/edu/toronto/cs/openome/core/action/ConvertAction.java (at line 11)
	import org.eclipse.osgi.framework.debug.Debug;
	       ^^^^^^^^^^^^^^^^^^^^^^^^^^^^^^^^^^^^^^
Discouraged access: The type Debug is not accessible due to restriction on classpath entry /IDE/sdk/3.5/eclipse/plugins/org.eclipse.osgi_3.5.0.v20090520.jar
----------
5. WARNING in /home/yy66/eclipse.build/plugins/core/src/edu/toronto/cs/openome/core/action/ConvertAction.java (at line 12)
	import org.eclipse.ui.IActionDelegate;
	       ^^^^^^^^^^^^^^^^^^^^^^^^^^^^^^
The import org.eclipse.ui.IActionDelegate is never used
----------
6. WARNING in /home/yy66/eclipse.build/plugins/core/src/edu/toronto/cs/openome/core/action/ConvertAction.java (at line 17)
	import org.eclipse.ui.internal.Workbench;
	       ^^^^^^^^^^^^^^^^^^^^^^^^^^^^^^^^^
Discouraged access: The type Workbench is not accessible due to restriction on classpath entry /IDE/sdk/3.5/eclipse/plugins/org.eclipse.ui.workbench_3.5.0.I20090603-2000.jar
----------
7. WARNING in /home/yy66/eclipse.build/plugins/core/src/edu/toronto/cs/openome/core/action/ConvertAction.java (at line 45)
	Debug.DEBUG_LOADER = false;
	^^^^^^^^^^^^^^^^^^
Discouraged access: The type Debug is not accessible due to restriction on classpath entry /IDE/sdk/3.5/eclipse/plugins/org.eclipse.osgi_3.5.0.v20090520.jar
----------
8. WARNING in /home/yy66/eclipse.build/plugins/core/src/edu/toronto/cs/openome/core/action/ConvertAction.java (at line 45)
	Debug.DEBUG_LOADER = false;
	      ^^^^^^^^^^^^
Discouraged access: The field DEBUG_LOADER from the type Debug is not accessible due to restriction on classpath entry /IDE/sdk/3.5/eclipse/plugins/org.eclipse.osgi_3.5.0.v20090520.jar
----------
9. WARNING in /home/yy66/eclipse.build/plugins/core/src/edu/toronto/cs/openome/core/action/ConvertAction.java (at line 119)
	IWorkbenchWindow workbenchWindow = Workbench.getInstance().getActiveWorkbenchWindow();
	                                   ^^^^^^^^^
Discouraged access: The type Workbench is not accessible due to restriction on classpath entry /IDE/sdk/3.5/eclipse/plugins/org.eclipse.ui.workbench_3.5.0.I20090603-2000.jar
----------
10. WARNING in /home/yy66/eclipse.build/plugins/core/src/edu/toronto/cs/openome/core/action/ConvertAction.java (at line 119)
	IWorkbenchWindow workbenchWindow = Workbench.getInstance().getActiveWorkbenchWindow();
	                                   ^^^^^^^^^^^^^^^^^^^^^^^
Discouraged access: The method getInstance() from the type Workbench is not accessible due to restriction on classpath entry /IDE/sdk/3.5/eclipse/plugins/org.eclipse.ui.workbench_3.5.0.I20090603-2000.jar
----------
11. WARNING in /home/yy66/eclipse.build/plugins/core/src/edu/toronto/cs/openome/core/action/ConvertAction.java (at line 119)
	IWorkbenchWindow workbenchWindow = Workbench.getInstance().getActiveWorkbenchWindow();
	                                   ^^^^^^^^^^^^^^^^^^^^^^^^^^^^^^^^^^^^^^^^^^^^^^^^^^
Discouraged access: The method getActiveWorkbenchWindow() from the type Workbench is not accessible due to restriction on classpath entry /IDE/sdk/3.5/eclipse/plugins/org.eclipse.ui.workbench_3.5.0.I20090603-2000.jar
----------
12. WARNING in /home/yy66/eclipse.build/plugins/core/src/edu/toronto/cs/openome/core/action/ConvertAction.java (at line 134)
	Workbench.getInstance().getEditorRegistry().getDefaultEditor(f2.getFullPath().toString()).getId());
	^^^^^^^^^
Discouraged access: The type Workbench is not accessible due to restriction on classpath entry /IDE/sdk/3.5/eclipse/plugins/org.eclipse.ui.workbench_3.5.0.I20090603-2000.jar
----------
13. WARNING in /home/yy66/eclipse.build/plugins/core/src/edu/toronto/cs/openome/core/action/ConvertAction.java (at line 134)
	Workbench.getInstance().getEditorRegistry().getDefaultEditor(f2.getFullPath().toString()).getId());
	^^^^^^^^^^^^^^^^^^^^^^^
Discouraged access: The method getInstance() from the type Workbench is not accessible due to restriction on classpath entry /IDE/sdk/3.5/eclipse/plugins/org.eclipse.ui.workbench_3.5.0.I20090603-2000.jar
----------
14. WARNING in /home/yy66/eclipse.build/plugins/core/src/edu/toronto/cs/openome/core/action/ConvertAction.java (at line 134)
	Workbench.getInstance().getEditorRegistry().getDefaultEditor(f2.getFullPath().toString()).getId());
	^^^^^^^^^^^^^^^^^^^^^^^^^^^^^^^^^^^^^^^^^^^
Discouraged access: The method getEditorRegistry() from the type Workbench is not accessible due to restriction on classpath entry /IDE/sdk/3.5/eclipse/plugins/org.eclipse.ui.workbench_3.5.0.I20090603-2000.jar
----------
----------
15. WARNING in /home/yy66/eclipse.build/plugins/core/src/edu/toronto/cs/openome/core/action/ImportProjects.java (at line 18)
	import org.eclipse.osgi.framework.debug.Debug;
	       ^^^^^^^^^^^^^^^^^^^^^^^^^^^^^^^^^^^^^^
Discouraged access: The type Debug is not accessible due to restriction on classpath entry /IDE/sdk/3.5/eclipse/plugins/org.eclipse.osgi_3.5.0.v20090520.jar
----------
16. WARNING in /home/yy66/eclipse.build/plugins/core/src/edu/toronto/cs/openome/core/action/ImportProjects.java (at line 92)
	Debug.DEBUG_LOADER = false;
	^^^^^^^^^^^^^^^^^^
Discouraged access: The type Debug is not accessible due to restriction on classpath entry /IDE/sdk/3.5/eclipse/plugins/org.eclipse.osgi_3.5.0.v20090520.jar
----------
17. WARNING in /home/yy66/eclipse.build/plugins/core/src/edu/toronto/cs/openome/core/action/ImportProjects.java (at line 92)
	Debug.DEBUG_LOADER = false;
	      ^^^^^^^^^^^^
Discouraged access: The field DEBUG_LOADER from the type Debug is not accessible due to restriction on classpath entry /IDE/sdk/3.5/eclipse/plugins/org.eclipse.osgi_3.5.0.v20090520.jar
----------
----------
18. WARNING in /home/yy66/eclipse.build/plugins/core/src/edu/toronto/cs/openome/core/action/ObjectAction.java (at line 7)
	import org.eclipse.ui.IActionDelegate;
	       ^^^^^^^^^^^^^^^^^^^^^^^^^^^^^^
The import org.eclipse.ui.IActionDelegate is never used
----------
----------
19. WARNING in /home/yy66/eclipse.build/plugins/core/src/edu/toronto/cs/openome/core/ui/I18n.java (at line 90)
	Map map= fgImageRegistry;
	^^^
Map is a raw type. References to generic type Map<K,V> should be parameterized
----------
20. WARNING in /home/yy66/eclipse.build/plugins/core/src/edu/toronto/cs/openome/core/ui/I18n.java (at line 92)
	Iterator e= map.values().iterator();
	^^^^^^^^
Iterator is a raw type. References to generic type Iterator<E> should be parameterized
----------
----------
21. WARNING in /home/yy66/eclipse.build/plugins/core/src/edu/toronto/cs/openome/core/ui/Plugin.java (at line 30)
	for (Enumeration i = resources.getKeys(); i.hasMoreElements(); ) {
	     ^^^^^^^^^^^
Enumeration is a raw type. References to generic type Enumeration<E> should be parameterized
----------
----------
22. WARNING in /home/yy66/eclipse.build/plugins/core/src/edu/toronto/cs/openome/core/ui/PrefPage.java (at line 100)
	for (Enumeration i = ps.keys(); i.hasMoreElements(); ) {
	     ^^^^^^^^^^^
Enumeration is a raw type. References to generic type Enumeration<E> should be parameterized
----------
23. WARNING in /home/yy66/eclipse.build/plugins/core/src/edu/toronto/cs/openome/core/ui/PrefPage.java (at line 218)
	for (Enumeration i = ps.keys(); i.hasMoreElements(); ) {
	     ^^^^^^^^^^^
Enumeration is a raw type. References to generic type Enumeration<E> should be parameterized
----------
23 problems (23 warnings)[18 .class files generated]
