# 21/12/07 1:29:16 EST PM
# Eclipse Java Compiler 0.780_R33x, 3.3.1, Copyright IBM Corp 2000, 2007. All rights reserved.
----------
1. WARNING in /home/nernst/eclipse.build/plugins/goalmodel.figures/src/goalmodel/figures/GoalFigure.java (at line 7)
	import org.eclipse.draw2d.XYLayout;
	       ^^^^^^^^^^^^^^^^^^^^^^^^^^^
The import org.eclipse.draw2d.XYLayout is never used
----------
----------
2. WARNING in /home/nernst/eclipse.build/plugins/goalmodel.figures/src/goalmodel/figures/ResourceSVGFigure.java (at line 56)
	private void setFigureResourceNameFigure(WrapLabel fig) {
	             ^^^^^^^^^^^^^^^^^^^^^^^^^^^^^^^^^^^^^^^^^^
The method setFigureResourceNameFigure(WrapLabel) from the type ResourceSVGFigure is never used locally
----------
----------
3. WARNING in /home/nernst/eclipse.build/plugins/goalmodel.figures/src/goalmodel/figures/SoftGoalFigure.java (at line 59)
	private void setFigureSoftgoalNameFigure(WrapLabel fig) {
	             ^^^^^^^^^^^^^^^^^^^^^^^^^^^^^^^^^^^^^^^^^^
The method setFigureSoftgoalNameFigure(WrapLabel) from the type SoftGoalFigure is never used locally
----------
----------
4. WARNING in /home/nernst/eclipse.build/plugins/goalmodel.figures/src/goalmodel/figures/TaskSVGFigure.java (at line 59)
	private void setFigureTaskNameFigure(WrapLabel fig) {
	             ^^^^^^^^^^^^^^^^^^^^^^^^^^^^^^^^^^^^^^
The method setFigureTaskNameFigure(WrapLabel) from the type TaskSVGFigure is never used locally
----------
4 problems (4 warnings)[26 .class files generated]
