# 20/01/10 08:49:29 GMT
# Eclipse Java Compiler 0.963, 3.5.0 rc3, Copyright IBM Corp 2000, 2008. All rights reserved.
----------
1. WARNING in /home/yy66/eclipse.build/plugins/edu.toronto.cs.openome.conversion/src/PluginActivator.java (at line 1)
	import org.eclipse.core.runtime.Plugin;
	       ^^^^^^^^^^^^^^^^^^^^^^^^^^^^^^^
Access restriction: The type Plugin is not accessible due to restriction on classpath entry /IDE/sdk/3.5/eclipse/plugins/org.eclipse.core.runtime_3.5.0.v20090525.jar
----------
2. WARNING in /home/yy66/eclipse.build/plugins/edu.toronto.cs.openome.conversion/src/PluginActivator.java (at line 2)
	import org.osgi.framework.BundleContext;
	       ^^^^^^^^^^^^^^^^^^^^^^^^^^^^^^^^
Access restriction: The type BundleContext is not accessible due to restriction on classpath entry /IDE/sdk/3.5/eclipse/plugins/org.eclipse.osgi_3.5.0.v20090520.jar
----------
3. WARNING in /home/yy66/eclipse.build/plugins/edu.toronto.cs.openome.conversion/src/PluginActivator.java (at line 7)
	public class PluginActivator extends Plugin {
	                                     ^^^^^^
Access restriction: The type Plugin is not accessible due to restriction on classpath entry /IDE/sdk/3.5/eclipse/plugins/org.eclipse.core.runtime_3.5.0.v20090525.jar
----------
4. WARNING in /home/yy66/eclipse.build/plugins/edu.toronto.cs.openome.conversion/src/PluginActivator.java (at line 28)
	public void start(BundleContext context) throws Exception {
	                  ^^^^^^^^^^^^^
Access restriction: The type BundleContext is not accessible due to restriction on classpath entry /IDE/sdk/3.5/eclipse/plugins/org.eclipse.osgi_3.5.0.v20090520.jar
----------
5. WARNING in /home/yy66/eclipse.build/plugins/edu.toronto.cs.openome.conversion/src/PluginActivator.java (at line 29)
	super.start(context);
	^^^^^^^^^^^^^^^^^^^^
Access restriction: The method start(BundleContext) from the type Plugin is not accessible due to restriction on classpath entry /IDE/sdk/3.5/eclipse/plugins/org.eclipse.core.runtime_3.5.0.v20090525.jar
----------
6. WARNING in /home/yy66/eclipse.build/plugins/edu.toronto.cs.openome.conversion/src/PluginActivator.java (at line 36)
	public void stop(BundleContext context) throws Exception {
	                 ^^^^^^^^^^^^^
Access restriction: The type BundleContext is not accessible due to restriction on classpath entry /IDE/sdk/3.5/eclipse/plugins/org.eclipse.osgi_3.5.0.v20090520.jar
----------
7. WARNING in /home/yy66/eclipse.build/plugins/edu.toronto.cs.openome.conversion/src/PluginActivator.java (at line 38)
	super.stop(context);
	^^^^^^^^^^^^^^^^^^^
Access restriction: The method stop(BundleContext) from the type Plugin is not accessible due to restriction on classpath entry /IDE/sdk/3.5/eclipse/plugins/org.eclipse.core.runtime_3.5.0.v20090525.jar
----------
----------
8. WARNING in /home/yy66/eclipse.build/plugins/edu.toronto.cs.openome.conversion/src/edu/toronto/cs/openome/conversion/action/EMFProjectsGeneration.java (at line 13)
	import org.eclipse.core.runtime.CoreException;
	       ^^^^^^^^^^^^^^^^^^^^^^^^^^^^^^^^^^^^^^
Access restriction: The type CoreException is not accessible due to restriction on classpath entry /IDE/sdk/3.5/eclipse/plugins/org.eclipse.equinox.common_3.5.0.v20090520-1800.jar
----------
9. WARNING in /home/yy66/eclipse.build/plugins/edu.toronto.cs.openome.conversion/src/edu/toronto/cs/openome/conversion/action/EMFProjectsGeneration.java (at line 14)
	import org.eclipse.core.runtime.FileLocator;
	       ^^^^^^^^^^^^^^^^^^^^^^^^^^^^^^^^^^^^
Access restriction: The type FileLocator is not accessible due to restriction on classpath entry /IDE/sdk/3.5/eclipse/plugins/org.eclipse.equinox.common_3.5.0.v20090520-1800.jar
----------
10. WARNING in /home/yy66/eclipse.build/plugins/edu.toronto.cs.openome.conversion/src/edu/toronto/cs/openome/conversion/action/EMFProjectsGeneration.java (at line 15)
	import org.eclipse.core.runtime.Path;
	       ^^^^^^^^^^^^^^^^^^^^^^^^^^^^^
Access restriction: The type Path is not accessible due to restriction on classpath entry /IDE/sdk/3.5/eclipse/plugins/org.eclipse.equinox.common_3.5.0.v20090520-1800.jar
----------
11. WARNING in /home/yy66/eclipse.build/plugins/edu.toronto.cs.openome.conversion/src/edu/toronto/cs/openome/conversion/action/EMFProjectsGeneration.java (at line 16)
	import org.eclipse.core.runtime.Platform;
	       ^^^^^^^^^^^^^^^^^^^^^^^^^^^^^^^^^
Access restriction: The type Platform is not accessible due to restriction on classpath entry /IDE/sdk/3.5/eclipse/plugins/org.eclipse.core.runtime_3.5.0.v20090525.jar
----------
12. WARNING in /home/yy66/eclipse.build/plugins/edu.toronto.cs.openome.conversion/src/edu/toronto/cs/openome/conversion/action/EMFProjectsGeneration.java (at line 18)
	import org.osgi.framework.Bundle;
	       ^^^^^^^^^^^^^^^^^^^^^^^^^
Access restriction: The type Bundle is not accessible due to restriction on classpath entry /IDE/sdk/3.5/eclipse/plugins/org.eclipse.osgi_3.5.0.v20090520.jar
----------
13. WARNING in /home/yy66/eclipse.build/plugins/edu.toronto.cs.openome.conversion/src/edu/toronto/cs/openome/conversion/action/EMFProjectsGeneration.java (at line 69)
	Bundle bundle = Platform.getBundle(project);		
	^^^^^^
Access restriction: The type Bundle is not accessible due to restriction on classpath entry /IDE/sdk/3.5/eclipse/plugins/org.eclipse.osgi_3.5.0.v20090520.jar
----------
14. WARNING in /home/yy66/eclipse.build/plugins/edu.toronto.cs.openome.conversion/src/edu/toronto/cs/openome/conversion/action/EMFProjectsGeneration.java (at line 69)
	Bundle bundle = Platform.getBundle(project);		
	                ^^^^^^^^
Access restriction: The type Platform is not accessible due to restriction on classpath entry /IDE/sdk/3.5/eclipse/plugins/org.eclipse.core.runtime_3.5.0.v20090525.jar
----------
15. WARNING in /home/yy66/eclipse.build/plugins/edu.toronto.cs.openome.conversion/src/edu/toronto/cs/openome/conversion/action/EMFProjectsGeneration.java (at line 69)
	Bundle bundle = Platform.getBundle(project);		
	                ^^^^^^^^^^^^^^^^^^^^^^^^^^^
Access restriction: The method getBundle(String) from the type Platform is not accessible due to restriction on classpath entry /IDE/sdk/3.5/eclipse/plugins/org.eclipse.core.runtime_3.5.0.v20090525.jar
----------
16. WARNING in /home/yy66/eclipse.build/plugins/edu.toronto.cs.openome.conversion/src/edu/toronto/cs/openome/conversion/action/EMFProjectsGeneration.java (at line 71)
	stream = FileLocator.openStream(bundle, 
	         ^^^^^^^^^^^
Access restriction: The type FileLocator is not accessible due to restriction on classpath entry /IDE/sdk/3.5/eclipse/plugins/org.eclipse.equinox.common_3.5.0.v20090520-1800.jar
----------
17. WARNING in /home/yy66/eclipse.build/plugins/edu.toronto.cs.openome.conversion/src/edu/toronto/cs/openome/conversion/action/EMFProjectsGeneration.java (at line 71)
	stream = FileLocator.openStream(bundle, 
					new Path("model" + "/" + name), false);
	         ^^^^^^^^^^^^^^^^^^^^^^^^^^^^^^^^^^^^^^^^^^^^^^^^^^^^^^^^^^^^^^^^^^^^^^^^^^^
Access restriction: The method openStream(Bundle, IPath, boolean) from the type FileLocator is not accessible due to restriction on classpath entry /IDE/sdk/3.5/eclipse/plugins/org.eclipse.equinox.common_3.5.0.v20090520-1800.jar
----------
18. WARNING in /home/yy66/eclipse.build/plugins/edu.toronto.cs.openome.conversion/src/edu/toronto/cs/openome/conversion/action/EMFProjectsGeneration.java (at line 72)
	new Path("model" + "/" + name), false);
	^^^^^^^^^^^^^^^^^^^^^^^^^^^^^^
Access restriction: The constructor Path(String) is not accessible due to restriction on classpath entry /IDE/sdk/3.5/eclipse/plugins/org.eclipse.equinox.common_3.5.0.v20090520-1800.jar
----------
19. WARNING in /home/yy66/eclipse.build/plugins/edu.toronto.cs.openome.conversion/src/edu/toronto/cs/openome/conversion/action/EMFProjectsGeneration.java (at line 72)
	new Path("model" + "/" + name), false);
	    ^^^^
Access restriction: The type Path is not accessible due to restriction on classpath entry /IDE/sdk/3.5/eclipse/plugins/org.eclipse.equinox.common_3.5.0.v20090520-1800.jar
----------
20. WARNING in /home/yy66/eclipse.build/plugins/edu.toronto.cs.openome.conversion/src/edu/toronto/cs/openome/conversion/action/EMFProjectsGeneration.java (at line 81)
	} catch (CoreException e2) {
	         ^^^^^^^^^^^^^
Access restriction: The type CoreException is not accessible due to restriction on classpath entry /IDE/sdk/3.5/eclipse/plugins/org.eclipse.equinox.common_3.5.0.v20090520-1800.jar
----------
21. WARNING in /home/yy66/eclipse.build/plugins/edu.toronto.cs.openome.conversion/src/edu/toronto/cs/openome/conversion/action/EMFProjectsGeneration.java (at line 82)
	e2.printStackTrace();
	^^^^^^^^^^^^^^^^^^^^
Access restriction: The method printStackTrace() from the type CoreException is not accessible due to restriction on classpath entry /IDE/sdk/3.5/eclipse/plugins/org.eclipse.equinox.common_3.5.0.v20090520-1800.jar
----------
22. WARNING in /home/yy66/eclipse.build/plugins/edu.toronto.cs.openome.conversion/src/edu/toronto/cs/openome/conversion/action/EMFProjectsGeneration.java (at line 93)
	} catch (CoreException e) {
	         ^^^^^^^^^^^^^
Access restriction: The type CoreException is not accessible due to restriction on classpath entry /IDE/sdk/3.5/eclipse/plugins/org.eclipse.equinox.common_3.5.0.v20090520-1800.jar
----------
23. WARNING in /home/yy66/eclipse.build/plugins/edu.toronto.cs.openome.conversion/src/edu/toronto/cs/openome/conversion/action/EMFProjectsGeneration.java (at line 119)
	args[5] = file.getLocation().toPortableString(); 
	          ^^^^^^^^^^^^^^^^^^^^^^^^^^^^^^^^^^^^^
Access restriction: The method toPortableString() from the type IPath is not accessible due to restriction on classpath entry /IDE/sdk/3.5/eclipse/plugins/org.eclipse.equinox.common_3.5.0.v20090520-1800.jar
----------
----------
24. WARNING in /home/yy66/eclipse.build/plugins/edu.toronto.cs.openome.conversion/src/edu/toronto/cs/openome/conversion/action/GMFProjectGeneration.java (at line 9)
	import org.eclipse.core.runtime.IPath;
	       ^^^^^^^^^^^^^^^^^^^^^^^^^^^^^^
Access restriction: The type IPath is not accessible due to restriction on classpath entry /IDE/sdk/3.5/eclipse/plugins/org.eclipse.equinox.common_3.5.0.v20090520-1800.jar
----------
25. WARNING in /home/yy66/eclipse.build/plugins/edu.toronto.cs.openome.conversion/src/edu/toronto/cs/openome/conversion/action/GMFProjectGeneration.java (at line 50)
	@SuppressWarnings("unchecked")
	                  ^^^^^^^^^^^
Unnecessary @SuppressWarnings("unchecked")
----------
26. WARNING in /home/yy66/eclipse.build/plugins/edu.toronto.cs.openome.conversion/src/edu/toronto/cs/openome/conversion/action/GMFProjectGeneration.java (at line 72)
	IPath location = file.getLocation();
	^^^^^
Access restriction: The type IPath is not accessible due to restriction on classpath entry /IDE/sdk/3.5/eclipse/plugins/org.eclipse.equinox.common_3.5.0.v20090520-1800.jar
----------
27. WARNING in /home/yy66/eclipse.build/plugins/edu.toronto.cs.openome.conversion/src/edu/toronto/cs/openome/conversion/action/GMFProjectGeneration.java (at line 75)
	String file2 = location.toPortableString();
	               ^^^^^^^^^^^^^^^^^^^^^^^^^^^
Access restriction: The method toPortableString() from the type IPath is not accessible due to restriction on classpath entry /IDE/sdk/3.5/eclipse/plugins/org.eclipse.equinox.common_3.5.0.v20090520-1800.jar
----------
28. WARNING in /home/yy66/eclipse.build/plugins/edu.toronto.cs.openome.conversion/src/edu/toronto/cs/openome/conversion/action/GMFProjectGeneration.java (at line 82)
	gen.run();
	^^^^^^^^^
Discouraged access: The method run() from the type GeneratorBase is not accessible due to restriction on classpath entry /IDE/sdk/3.5/eclipse/plugins/org.eclipse.gmf.common_1.1.100.v20090420-1925.jar
----------
----------
29. WARNING in /home/yy66/eclipse.build/plugins/edu.toronto.cs.openome.conversion/src/edu/toronto/cs/openome/conversion/action/QueryAction.java (at line 10)
	Resource r = rdr.read(name);
	         ^
The local variable r is never read
----------
----------
30. WARNING in /home/yy66/eclipse.build/plugins/edu.toronto.cs.openome.conversion/src/edu/toronto/cs/openome/conversion/codegen/GoalModel.java (at line 3)
	import java.io.File;
	       ^^^^^^^^^^^^
The import java.io.File is never used
----------
31. WARNING in /home/yy66/eclipse.build/plugins/edu.toronto.cs.openome.conversion/src/edu/toronto/cs/openome/conversion/codegen/GoalModel.java (at line 4)
	import java.io.FileNotFoundException;
	       ^^^^^^^^^^^^^^^^^^^^^^^^^^^^^
The import java.io.FileNotFoundException is never used
----------
32. WARNING in /home/yy66/eclipse.build/plugins/edu.toronto.cs.openome.conversion/src/edu/toronto/cs/openome/conversion/codegen/GoalModel.java (at line 5)
	import java.io.PrintStream;
	       ^^^^^^^^^^^^^^^^^^^
The import java.io.PrintStream is never used
----------
33. WARNING in /home/yy66/eclipse.build/plugins/edu.toronto.cs.openome.conversion/src/edu/toronto/cs/openome/conversion/codegen/GoalModel.java (at line 397)
	@SuppressWarnings("unchecked")
	                  ^^^^^^^^^^^
Unnecessary @SuppressWarnings("unchecked")
----------
34. WARNING in /home/yy66/eclipse.build/plugins/edu.toronto.cs.openome.conversion/src/edu/toronto/cs/openome/conversion/codegen/GoalModel.java (at line 422)
	@SuppressWarnings("unchecked")
	                  ^^^^^^^^^^^
Unnecessary @SuppressWarnings("unchecked")
----------
35. WARNING in /home/yy66/eclipse.build/plugins/edu.toronto.cs.openome.conversion/src/edu/toronto/cs/openome/conversion/codegen/GoalModel.java (at line 510)
	@SuppressWarnings("unchecked")
	                  ^^^^^^^^^^^
Unnecessary @SuppressWarnings("unchecked")
----------
36. WARNING in /home/yy66/eclipse.build/plugins/edu.toronto.cs.openome.conversion/src/edu/toronto/cs/openome/conversion/codegen/GoalModel.java (at line 859)
	for (int i=0; i<a.where.size(); i++) {
	                                ^^^
Dead code
----------
----------
37. WARNING in /home/yy66/eclipse.build/plugins/edu.toronto.cs.openome.conversion/src/edu/toronto/cs/openome/conversion/codegen/GoalModelTest.java (at line 32)
	GoalModel cg = new GoalModel(Q7.a);
	                             ^^^^
Type safety: The expression of type ArrayList needs unchecked conversion to conform to ArrayList<Advice>
----------
38. WARNING in /home/yy66/eclipse.build/plugins/edu.toronto.cs.openome.conversion/src/edu/toronto/cs/openome/conversion/codegen/GoalModelTest.java (at line 164)
	URI uri = GoalModel.fetchURI("C:\\work\\project\\ome\\runtime-openome.product\\Examples\\q7\\aspects\\t.oom"); 		
	    ^^^
The local variable uri is never read
----------
----------
39. WARNING in /home/yy66/eclipse.build/plugins/edu.toronto.cs.openome.conversion/src/edu/toronto/cs/openome/conversion/convertor/Q7_GoalModel.java (at line 11)
	GoalModel cg = new GoalModel(Q7.a);
	                             ^^^^
Type safety: The expression of type ArrayList needs unchecked conversion to conform to ArrayList<Advice>
----------
----------
40. WARNING in /home/yy66/eclipse.build/plugins/edu.toronto.cs.openome.conversion/src/edu/toronto/cs/openome/conversion/parser/GoalModelReader.java (at line 47)
	@SuppressWarnings("unchecked")
	                  ^^^^^^^^^^^
Unnecessary @SuppressWarnings("unchecked")
----------
----------
41. WARNING in /home/yy66/eclipse.build/plugins/edu.toronto.cs.openome.conversion/src/edu/toronto/cs/openome/conversion/service/IConfigurator.java (at line 4)
	import java.util.Vector;
	       ^^^^^^^^^^^^^^^^
The import java.util.Vector is never used
----------
----------
42. WARNING in /home/yy66/eclipse.build/plugins/edu.toronto.cs.openome.conversion/src/edu/toronto/cs/openome/conversion/service/QueryVariability2.java (at line 36)
	import edu.toronto.cs.openome_model.Property;
	       ^^^^^^^^^^^^^^^^^^^^^^^^^^^^^^^^^^^^^
The import edu.toronto.cs.openome_model.Property is never used
----------
43. WARNING in /home/yy66/eclipse.build/plugins/edu.toronto.cs.openome.conversion/src/edu/toronto/cs/openome/conversion/service/QueryVariability2.java (at line 139)
	int [] model = problem.model();
	       ^^^^^
The local variable model is never read
----------
44. WARNING in /home/yy66/eclipse.build/plugins/edu.toronto.cs.openome.conversion/src/edu/toronto/cs/openome/conversion/service/QueryVariability2.java (at line 260)
	private Vector<Intention> getDecompositions(Decomposition to) {
	                          ^^^^^^^^^^^^^^^^^^^^^^^^^^^^^^^^^^^
The method getDecompositions(Decomposition) from the type QueryVariability2 is never used locally
----------
45. WARNING in /home/yy66/eclipse.build/plugins/edu.toronto.cs.openome.conversion/src/edu/toronto/cs/openome/conversion/service/QueryVariability2.java (at line 698)
	private String encode_5(Intention p) {
	               ^^^^^^^^^^^^^^^^^^^^^
The method encode_5(Intention) from the type QueryVariability2 is never used locally
----------
46. WARNING in /home/yy66/eclipse.build/plugins/edu.toronto.cs.openome.conversion/src/edu/toronto/cs/openome/conversion/service/QueryVariability2.java (at line 776)
	List values = Arrays.asList(result.split(" "));
	^^^^
List is a raw type. References to generic type List<E> should be parameterized
----------
46 problems (46 warnings)[13 .class files generated]
