Buildfile: build.xml

main:

preBuild:

preSetup:

checkLocalMaps:

getMapFiles:
   [concat] No existing resources and no nested text, doing nothing

postSetup:

checkLocalBase:

getBaseComponents:

generateFeature:

fetch:

generateFeature:
[eclipse.generateFeature] Some inter-plug-in dependencies have not been satisfied.
[eclipse.generateFeature] Bundle edu.toronto.cs.goalmodel:
[eclipse.generateFeature] 	Missing required plug-in org.eclipse.emf.ecore_0.0.0.
[eclipse.generateFeature] Bundle edu.toronto.cs.goalmodel.diagram:
[eclipse.generateFeature] 	Missing required plug-in org.eclipse.gmf.runtime.diagram.ui.properties_0.0.0.
[eclipse.generateFeature] 	Missing required plug-in org.eclipse.gmf.runtime.diagram.ui.resources.editor.ide_0.0.0.
[eclipse.generateFeature] 	Missing required plug-in edu.toronto.cs.goalmodel.edit_0.0.0.
[eclipse.generateFeature] 	Missing required plug-in org.eclipse.ocl.ecore_0.0.0.
[eclipse.generateFeature] 	Missing required plug-in goalmodel.figures_0.0.0.
[eclipse.generateFeature] Bundle edu.toronto.cs.goalmodel.edit:
[eclipse.generateFeature] 	Missing required plug-in edu.toronto.cs.goalmodel_0.0.0.
[eclipse.generateFeature] 	Missing required plug-in org.eclipse.emf.edit_0.0.0.
[eclipse.generateFeature] Bundle edu.toronto.cs.goalmodel.editor:
[eclipse.generateFeature] 	Missing required plug-in edu.toronto.cs.goalmodel.edit_0.0.0.
[eclipse.generateFeature] 	Missing required plug-in org.eclipse.emf.ecore.xmi_0.0.0.
[eclipse.generateFeature] 	Missing required plug-in org.eclipse.emf.edit.ui_0.0.0.
[eclipse.generateFeature] 	Missing required plug-in edu.toronto.cs.goalmodel.diagram_0.0.0.
[eclipse.generateFeature] Bundle goalmodel:
[eclipse.generateFeature] 	Missing required plug-in q7_0.0.0.
[eclipse.generateFeature] 	Missing required plug-in org.eclipse.emf.ecore_0.0.0.
[eclipse.generateFeature] 	Missing required plug-in edu.toronto.cs.goalmodel.editor_0.0.0.
[eclipse.generateFeature] 	Missing required plug-in org.eclipse.emf.codegen.ecore_0.0.0.
[eclipse.generateFeature] 	Missing required plug-in org.eclipse.gmf.codegen_0.0.0.
[eclipse.generateFeature] Bundle goalmodel.figures:
[eclipse.generateFeature] 	Missing required plug-in org.eclipse.gmf.runtime.draw2d.ui_0.0.0.
[eclipse.generateFeature] 	Missing required plug-in org.eclipse.gmf.runtime.draw2d.ui.render_0.0.0.
[eclipse.generateFeature] 	Missing required plug-in org.eclipse.draw2d_0.0.0.
[eclipse.generateFeature] Bundle q7:
[eclipse.generateFeature] 	Missing required plug-in org.eclipse.emf_0.0.0.
[eclipse.generateFeature] 	Missing required plug-in org.eclipse.emf.ecore_0.0.0.
[eclipse.generateFeature] 	Missing required plug-in org.openarchitectureware.core.emftools_0.0.0.
[eclipse.generateFeature] 	Missing required plug-in org.openarchitectureware.core.expressions_0.0.0.
[eclipse.generateFeature] 	Missing required plug-in q7.dsl_0.0.0.
[eclipse.generateFeature] 	Missing required plug-in org.openarchitectureware.xtext.core_0.0.0.
[eclipse.generateFeature] 	Missing required plug-in org.openarchitectureware.xtext.editor_0.0.0.
[eclipse.generateFeature] 	Missing required plug-in org.openarchitectureware.base_0.0.0.
[eclipse.generateFeature] 	Missing required plug-in org.openarchitectureware.xtend.editor_0.0.0.
[eclipse.generateFeature] Bundle org.eclipse.platform:
[eclipse.generateFeature] 	Another singleton version selected: org.eclipse.platform_3.2.0.v20060601
#
# An unexpected error has been detected by Java Runtime Environment:
#
#  SIGSEGV (0xb) at pc=0x4015711b, pid=19103, tid=1084322368
#
# Java VM: Java HotSpot(TM) Client VM (1.6.0-b105 mixed mode, sharing)
# Problematic frame:
# C  [libgtk-x11-2.0.so.0+0x11f11b]  gtk_icon_set_render_icon+0x5bb
#
# An error report file with more information is saved as hs_err_pid19103.log
#
# If you would like to submit a bug report, please visit:
#   http://java.sun.com/webapps/bugreport/crash.jsp
#
