# 20/01/10 08:49:28 GMT
# Eclipse Java Compiler 0.963, 3.5.0 rc3, Copyright IBM Corp 2000, 2008. All rights reserved.
----------
1. WARNING in /home/yy66/eclipse.build/plugins/q7/src/codegen/Dot.java (at line 99)
	lst.add((Comparable) new Integer(m));
	         ^^^^^^^^^^
Comparable is a raw type. References to generic type Comparable<T> should be parameterized
----------
----------
2. WARNING in /home/yy66/eclipse.build/plugins/q7/src/codegen/IStar.java (at line 49)
	for (Enumeration i = resources.getKeys(); i.hasMoreElements(); ) {
	     ^^^^^^^^^^^
Enumeration is a raw type. References to generic type Enumeration<E> should be parameterized
----------
3. WARNING in /home/yy66/eclipse.build/plugins/q7/src/codegen/IStar.java (at line 1009)
	for (Iterator i = a.how.advices.iterator(); i.hasNext();) {
	     ^^^^^^^^
Iterator is a raw type. References to generic type Iterator<E> should be parameterized
----------
4. WARNING in /home/yy66/eclipse.build/plugins/q7/src/codegen/IStar.java (at line 1163)
	for (Iterator i = a.how.advices.iterator(); i.hasNext();) {
	     ^^^^^^^^
Iterator is a raw type. References to generic type Iterator<E> should be parameterized
----------
5. WARNING in /home/yy66/eclipse.build/plugins/q7/src/codegen/IStar.java (at line 1312)
	for (Enumeration j = links.keys(); j.hasMoreElements();) {
	     ^^^^^^^^^^^
Enumeration is a raw type. References to generic type Enumeration<E> should be parameterized
----------
6. WARNING in /home/yy66/eclipse.build/plugins/q7/src/codegen/IStar.java (at line 1342)
	for (Iterator i = advices.iterator(); i.hasNext();) {
	     ^^^^^^^^
Iterator is a raw type. References to generic type Iterator<E> should be parameterized
----------
7. WARNING in /home/yy66/eclipse.build/plugins/q7/src/codegen/IStar.java (at line 1363)
	for (Enumeration i = links.keys(); i.hasMoreElements();) {
	     ^^^^^^^^^^^
Enumeration is a raw type. References to generic type Enumeration<E> should be parameterized
----------
8. WARNING in /home/yy66/eclipse.build/plugins/q7/src/codegen/IStar.java (at line 1393)
	for (Iterator i = advices.iterator(); i.hasNext();) {
	     ^^^^^^^^
Iterator is a raw type. References to generic type Iterator<E> should be parameterized
----------
9. WARNING in /home/yy66/eclipse.build/plugins/q7/src/codegen/IStar.java (at line 1398)
	for (Iterator i = advices.iterator(); i.hasNext();) {
	     ^^^^^^^^
Iterator is a raw type. References to generic type Iterator<E> should be parameterized
----------
10. WARNING in /home/yy66/eclipse.build/plugins/q7/src/codegen/IStar.java (at line 1410)
	for (Iterator i = serialized_tokens.iterator(); i.hasNext();) {
	     ^^^^^^^^
Iterator is a raw type. References to generic type Iterator<E> should be parameterized
----------
11. WARNING in /home/yy66/eclipse.build/plugins/q7/src/codegen/IStar.java (at line 1414)
	for (Enumeration i = links.keys(); i.hasMoreElements();) {
	     ^^^^^^^^^^^
Enumeration is a raw type. References to generic type Enumeration<E> should be parameterized
----------
12. WARNING in /home/yy66/eclipse.build/plugins/q7/src/codegen/IStar.java (at line 1421)
	sorted_keys.add((Comparable)p);
	                 ^^^^^^^^^^
Comparable is a raw type. References to generic type Comparable<T> should be parameterized
----------
13. WARNING in /home/yy66/eclipse.build/plugins/q7/src/codegen/IStar.java (at line 1440)
	for (Enumeration i = links.keys(); i.hasMoreElements();) {
	     ^^^^^^^^^^^
Enumeration is a raw type. References to generic type Enumeration<E> should be parameterized
----------
14. WARNING in /home/yy66/eclipse.build/plugins/q7/src/codegen/IStar.java (at line 1459)
	for (Enumeration i = links.keys(); i.hasMoreElements();) {
	     ^^^^^^^^^^^
Enumeration is a raw type. References to generic type Enumeration<E> should be parameterized
----------
15. WARNING in /home/yy66/eclipse.build/plugins/q7/src/codegen/IStar.java (at line 1484)
	for (Enumeration j = links.keys(); j.hasMoreElements();) {
	     ^^^^^^^^^^^
Enumeration is a raw type. References to generic type Enumeration<E> should be parameterized
----------
16. WARNING in /home/yy66/eclipse.build/plugins/q7/src/codegen/IStar.java (at line 1513)
	for (Enumeration i = links.keys(); i.hasMoreElements();) {
	     ^^^^^^^^^^^
Enumeration is a raw type. References to generic type Enumeration<E> should be parameterized
----------
17. WARNING in /home/yy66/eclipse.build/plugins/q7/src/codegen/IStar.java (at line 1547)
	for (Enumeration j = links.keys(); j.hasMoreElements();) {
	     ^^^^^^^^^^^
Enumeration is a raw type. References to generic type Enumeration<E> should be parameterized
----------
18. WARNING in /home/yy66/eclipse.build/plugins/q7/src/codegen/IStar.java (at line 1583)
	for (Enumeration j = links.keys(); j.hasMoreElements();) {
	     ^^^^^^^^^^^
Enumeration is a raw type. References to generic type Enumeration<E> should be parameterized
----------
19. WARNING in /home/yy66/eclipse.build/plugins/q7/src/codegen/IStar.java (at line 1610)
	for (Enumeration j = links.keys(); j.hasMoreElements();) {
	     ^^^^^^^^^^^
Enumeration is a raw type. References to generic type Enumeration<E> should be parameterized
----------
20. WARNING in /home/yy66/eclipse.build/plugins/q7/src/codegen/IStar.java (at line 1761)
	for (Iterator i = a.how.advices.iterator(); i.hasNext();) {
	     ^^^^^^^^
Iterator is a raw type. References to generic type Iterator<E> should be parameterized
----------
----------
21. WARNING in /home/yy66/eclipse.build/plugins/q7/src/codegen/RSF.java (at line 85)
	lst.add((Comparable) new Integer(m));
	         ^^^^^^^^^^
Comparable is a raw type. References to generic type Comparable<T> should be parameterized
----------
----------
22. WARNING in /home/yy66/eclipse.build/plugins/q7/src/convertor/Q7_Dot.java (at line 10)
	Dot cg = new Dot(Q7.a);
	                 ^^^^
Type safety: The expression of type ArrayList needs unchecked conversion to conform to ArrayList<Advice>
----------
----------
23. WARNING in /home/yy66/eclipse.build/plugins/q7/src/convertor/Q7_RSF.java (at line 10)
	RSF cg = new RSF(Q7.a);
	                 ^^^^
Type safety: The expression of type ArrayList needs unchecked conversion to conform to ArrayList<Advice>
----------
----------
24. WARNING in /home/yy66/eclipse.build/plugins/q7/src/convertor/Q7_Telos.java (at line 10)
	IStar cg = new IStar(Q7.a);
	                     ^^^^
Type safety: The expression of type ArrayList needs unchecked conversion to conform to ArrayList<Advice>
----------
----------
25. WARNING in /home/yy66/eclipse.build/plugins/q7/src/model/Advice.java (at line 10)
	public ArrayList where;
	       ^^^^^^^^^
ArrayList is a raw type. References to generic type ArrayList<E> should be parameterized
----------
26. WARNING in /home/yy66/eclipse.build/plugins/q7/src/model/Advice.java (at line 12)
	public ArrayList how_much;
	       ^^^^^^^^^
ArrayList is a raw type. References to generic type ArrayList<E> should be parameterized
----------
27. WARNING in /home/yy66/eclipse.build/plugins/q7/src/model/Advice.java (at line 16)
	String _what, String _alias, ArrayList _where, How _how,
	                             ^^^^^^^^^
ArrayList is a raw type. References to generic type ArrayList<E> should be parameterized
----------
28. WARNING in /home/yy66/eclipse.build/plugins/q7/src/model/Advice.java (at line 17)
	ArrayList _how_much, String _comment, String _label) {
	^^^^^^^^^
ArrayList is a raw type. References to generic type ArrayList<E> should be parameterized
----------
----------
29. WARNING in /home/yy66/eclipse.build/plugins/q7/src/model/IStarElement.java (at line 10)
	import util.Debugging;
	       ^^^^^^^^^^^^^^
The import util.Debugging is never used
----------
30. WARNING in /home/yy66/eclipse.build/plugins/q7/src/model/IStarElement.java (at line 15)
	public class IStarElement implements Comparable {
	                                     ^^^^^^^^^^
Comparable is a raw type. References to generic type Comparable<T> should be parameterized
----------
31. WARNING in /home/yy66/eclipse.build/plugins/q7/src/model/IStarElement.java (at line 83)
	private String stripPrefix(String prefixes[], String name) {
	               ^^^^^^^^^^^^^^^^^^^^^^^^^^^^^^^^^^^^^^^^^^^
The method stripPrefix(String[], String) from the type IStarElement is never used locally
----------
32. WARNING in /home/yy66/eclipse.build/plugins/q7/src/model/IStarElement.java (at line 207)
	for (Iterator i = children.iterator(); i.hasNext();) {
	     ^^^^^^^^
Iterator is a raw type. References to generic type Iterator<E> should be parameterized
----------
----------
33. WARNING in /home/yy66/eclipse.build/plugins/q7/src/parser/Q7.java (at line 20)
	public static java.util.ArrayList a = null;
	              ^^^^^^^^^^^^^^^^^^^
ArrayList is a raw type. References to generic type ArrayList<E> should be parameterized
----------
34. WARNING in /home/yy66/eclipse.build/plugins/q7/src/parser/Q7.java (at line 25)
	Entity.aliases = new Hashtable();
	                 ^^^^^^^^^^^^^^^
Type safety: The expression of type Hashtable needs unchecked conversion to conform to Hashtable<String,String>
----------
35. WARNING in /home/yy66/eclipse.build/plugins/q7/src/parser/Q7.java (at line 25)
	Entity.aliases = new Hashtable();
	                     ^^^^^^^^^
Hashtable is a raw type. References to generic type Hashtable<K,V> should be parameterized
----------
36. WARNING in /home/yy66/eclipse.build/plugins/q7/src/parser/Q7.java (at line 48)
	static final public java.util.ArrayList Advices() throws ParseException {
	                    ^^^^^^^^^^^^^^^^^^^
ArrayList is a raw type. References to generic type ArrayList<E> should be parameterized
----------
37. WARNING in /home/yy66/eclipse.build/plugins/q7/src/parser/Q7.java (at line 50)
	java.util.ArrayList a = new java.util.ArrayList();
	^^^^^^^^^^^^^^^^^^^
ArrayList is a raw type. References to generic type ArrayList<E> should be parameterized
----------
38. WARNING in /home/yy66/eclipse.build/plugins/q7/src/parser/Q7.java (at line 50)
	java.util.ArrayList a = new java.util.ArrayList();
	                            ^^^^^^^^^^^^^^^^^^^
ArrayList is a raw type. References to generic type ArrayList<E> should be parameterized
----------
39. WARNING in /home/yy66/eclipse.build/plugins/q7/src/parser/Q7.java (at line 65)
	a.add(t);
	^^^^^^^^
Type safety: The method add(Object) belongs to the raw type ArrayList. References to generic type ArrayList<E> should be parameterized
----------
40. WARNING in /home/yy66/eclipse.build/plugins/q7/src/parser/Q7.java (at line 68)
	throw new Error("Missing return statement in function");
	^^^^^^^^^^^^^^^^^^^^^^^^^^^^^^^^^^^^^^^^^^^^^^^^^^^^^^^^
Dead code
----------
41. WARNING in /home/yy66/eclipse.build/plugins/q7/src/parser/Q7.java (at line 78)
	java.util.ArrayList where = null;
	^^^^^^^^^^^^^^^^^^^
ArrayList is a raw type. References to generic type ArrayList<E> should be parameterized
----------
42. WARNING in /home/yy66/eclipse.build/plugins/q7/src/parser/Q7.java (at line 80)
	java.util.ArrayList how_much = null;
	^^^^^^^^^^^^^^^^^^^
ArrayList is a raw type. References to generic type ArrayList<E> should be parameterized
----------
43. WARNING in /home/yy66/eclipse.build/plugins/q7/src/parser/Q7.java (at line 204)
	throw new Error("Missing return statement in function");
	^^^^^^^^^^^^^^^^^^^^^^^^^^^^^^^^^^^^^^^^^^^^^^^^^^^^^^^^
Dead code
----------
44. WARNING in /home/yy66/eclipse.build/plugins/q7/src/parser/Q7.java (at line 228)
	throw new Error("Missing return statement in function");
	^^^^^^^^^^^^^^^^^^^^^^^^^^^^^^^^^^^^^^^^^^^^^^^^^^^^^^^^
Dead code
----------
45. WARNING in /home/yy66/eclipse.build/plugins/q7/src/parser/Q7.java (at line 256)
	throw new Error("Missing return statement in function");
	^^^^^^^^^^^^^^^^^^^^^^^^^^^^^^^^^^^^^^^^^^^^^^^^^^^^^^^^
Dead code
----------
46. WARNING in /home/yy66/eclipse.build/plugins/q7/src/parser/Q7.java (at line 274)
	throw new Error("Missing return statement in function");
	^^^^^^^^^^^^^^^^^^^^^^^^^^^^^^^^^^^^^^^^^^^^^^^^^^^^^^^^
Dead code
----------
47. WARNING in /home/yy66/eclipse.build/plugins/q7/src/parser/Q7.java (at line 292)
	throw new Error("Missing return statement in function");
	^^^^^^^^^^^^^^^^^^^^^^^^^^^^^^^^^^^^^^^^^^^^^^^^^^^^^^^^
Dead code
----------
48. WARNING in /home/yy66/eclipse.build/plugins/q7/src/parser/Q7.java (at line 327)
	throw new Error("Missing return statement in function");
	^^^^^^^^^^^^^^^^^^^^^^^^^^^^^^^^^^^^^^^^^^^^^^^^^^^^^^^^
Dead code
----------
49. WARNING in /home/yy66/eclipse.build/plugins/q7/src/parser/Q7.java (at line 331)
	String r = null;
	       ^
The local variable r is never read
----------
50. WARNING in /home/yy66/eclipse.build/plugins/q7/src/parser/Q7.java (at line 358)
	throw new Error("Missing return statement in function");
	^^^^^^^^^^^^^^^^^^^^^^^^^^^^^^^^^^^^^^^^^^^^^^^^^^^^^^^^
Dead code
----------
51. WARNING in /home/yy66/eclipse.build/plugins/q7/src/parser/Q7.java (at line 388)
	throw new Error("Missing return statement in function");
	^^^^^^^^^^^^^^^^^^^^^^^^^^^^^^^^^^^^^^^^^^^^^^^^^^^^^^^^
Dead code
----------
52. WARNING in /home/yy66/eclipse.build/plugins/q7/src/parser/Q7.java (at line 391)
	static final public java.util.ArrayList Where() throws ParseException {
	                    ^^^^^^^^^^^^^^^^^^^
ArrayList is a raw type. References to generic type ArrayList<E> should be parameterized
----------
53. WARNING in /home/yy66/eclipse.build/plugins/q7/src/parser/Q7.java (at line 392)
	java.util.ArrayList where = null;
	^^^^^^^^^^^^^^^^^^^
ArrayList is a raw type. References to generic type ArrayList<E> should be parameterized
----------
54. WARNING in /home/yy66/eclipse.build/plugins/q7/src/parser/Q7.java (at line 393)
	java.util.ArrayList pointcuts;
	^^^^^^^^^^^^^^^^^^^
ArrayList is a raw type. References to generic type ArrayList<E> should be parameterized
----------
55. WARNING in /home/yy66/eclipse.build/plugins/q7/src/parser/Q7.java (at line 406)
	pointcuts = new java.util.ArrayList();
	                ^^^^^^^^^^^^^^^^^^^
ArrayList is a raw type. References to generic type ArrayList<E> should be parameterized
----------
56. WARNING in /home/yy66/eclipse.build/plugins/q7/src/parser/Q7.java (at line 409)
	pointcuts.add(pointcut);
	^^^^^^^^^^^^^^^^^^^^^^^
Type safety: The method add(Object) belongs to the raw type ArrayList. References to generic type ArrayList<E> should be parameterized
----------
57. WARNING in /home/yy66/eclipse.build/plugins/q7/src/parser/Q7.java (at line 411)
	throw new Error("Missing return statement in function");
	^^^^^^^^^^^^^^^^^^^^^^^^^^^^^^^^^^^^^^^^^^^^^^^^^^^^^^^^
Dead code
----------
58. WARNING in /home/yy66/eclipse.build/plugins/q7/src/parser/Q7.java (at line 414)
	static final public java.util.ArrayList HowMuch() throws ParseException {
	                    ^^^^^^^^^^^^^^^^^^^
ArrayList is a raw type. References to generic type ArrayList<E> should be parameterized
----------
59. WARNING in /home/yy66/eclipse.build/plugins/q7/src/parser/Q7.java (at line 415)
	java.util.ArrayList effects;
	^^^^^^^^^^^^^^^^^^^
ArrayList is a raw type. References to generic type ArrayList<E> should be parameterized
----------
60. WARNING in /home/yy66/eclipse.build/plugins/q7/src/parser/Q7.java (at line 416)
	java.util.ArrayList howmuch = null;
	^^^^^^^^^^^^^^^^^^^
ArrayList is a raw type. References to generic type ArrayList<E> should be parameterized
----------
61. WARNING in /home/yy66/eclipse.build/plugins/q7/src/parser/Q7.java (at line 429)
	effects = new java.util.ArrayList();
	              ^^^^^^^^^^^^^^^^^^^
ArrayList is a raw type. References to generic type ArrayList<E> should be parameterized
----------
62. WARNING in /home/yy66/eclipse.build/plugins/q7/src/parser/Q7.java (at line 432)
	effects.add(effect);
	^^^^^^^^^^^^^^^^^^^
Type safety: The method add(Object) belongs to the raw type ArrayList. References to generic type ArrayList<E> should be parameterized
----------
63. WARNING in /home/yy66/eclipse.build/plugins/q7/src/parser/Q7.java (at line 434)
	throw new Error("Missing return statement in function");
	^^^^^^^^^^^^^^^^^^^^^^^^^^^^^^^^^^^^^^^^^^^^^^^^^^^^^^^^
Dead code
----------
64. WARNING in /home/yy66/eclipse.build/plugins/q7/src/parser/Q7.java (at line 437)
	static final public java.util.ArrayList Agents() throws ParseException {
	                    ^^^^^^^^^^^^^^^^^^^
ArrayList is a raw type. References to generic type ArrayList<E> should be parameterized
----------
65. WARNING in /home/yy66/eclipse.build/plugins/q7/src/parser/Q7.java (at line 438)
	java.util.ArrayList effects;
	^^^^^^^^^^^^^^^^^^^
ArrayList is a raw type. References to generic type ArrayList<E> should be parameterized
----------
66. WARNING in /home/yy66/eclipse.build/plugins/q7/src/parser/Q7.java (at line 439)
	java.util.ArrayList howmuch = null;
	^^^^^^^^^^^^^^^^^^^
ArrayList is a raw type. References to generic type ArrayList<E> should be parameterized
----------
67. WARNING in /home/yy66/eclipse.build/plugins/q7/src/parser/Q7.java (at line 452)
	effects = new java.util.ArrayList();
	              ^^^^^^^^^^^^^^^^^^^
ArrayList is a raw type. References to generic type ArrayList<E> should be parameterized
----------
68. WARNING in /home/yy66/eclipse.build/plugins/q7/src/parser/Q7.java (at line 455)
	effects.add(effect);
	^^^^^^^^^^^^^^^^^^^
Type safety: The method add(Object) belongs to the raw type ArrayList. References to generic type ArrayList<E> should be parameterized
----------
69. WARNING in /home/yy66/eclipse.build/plugins/q7/src/parser/Q7.java (at line 457)
	throw new Error("Missing return statement in function");
	^^^^^^^^^^^^^^^^^^^^^^^^^^^^^^^^^^^^^^^^^^^^^^^^^^^^^^^^
Dead code
----------
70. WARNING in /home/yy66/eclipse.build/plugins/q7/src/parser/Q7.java (at line 505)
	throw new Error("Missing return statement in function");
	^^^^^^^^^^^^^^^^^^^^^^^^^^^^^^^^^^^^^^^^^^^^^^^^^^^^^^^^
Dead code
----------
71. WARNING in /home/yy66/eclipse.build/plugins/q7/src/parser/Q7.java (at line 559)
	throw new Error("Missing return statement in function");
	^^^^^^^^^^^^^^^^^^^^^^^^^^^^^^^^^^^^^^^^^^^^^^^^^^^^^^^^
Dead code
----------
72. WARNING in /home/yy66/eclipse.build/plugins/q7/src/parser/Q7.java (at line 568)
	throw new Error("Missing return statement in function");
	^^^^^^^^^^^^^^^^^^^^^^^^^^^^^^^^^^^^^^^^^^^^^^^^^^^^^^^^
Dead code
----------
73. WARNING in /home/yy66/eclipse.build/plugins/q7/src/parser/Q7.java (at line 692)
	throw new Error("Missing return statement in function");
	^^^^^^^^^^^^^^^^^^^^^^^^^^^^^^^^^^^^^^^^^^^^^^^^^^^^^^^^
Dead code
----------
74. WARNING in /home/yy66/eclipse.build/plugins/q7/src/parser/Q7.java (at line 698)
	java.util.ArrayList advices = null;
	^^^^^^^^^^^^^^^^^^^
ArrayList is a raw type. References to generic type ArrayList<E> should be parameterized
----------
75. WARNING in /home/yy66/eclipse.build/plugins/q7/src/parser/Q7.java (at line 749)
	, enrich==null? null: enrich.toString(),  advices);}
	                                          ^^^^^^^
Type safety: The expression of type ArrayList needs unchecked conversion to conform to ArrayList<Advice>
----------
76. WARNING in /home/yy66/eclipse.build/plugins/q7/src/parser/Q7.java (at line 750)
	throw new Error("Missing return statement in function");
	^^^^^^^^^^^^^^^^^^^^^^^^^^^^^^^^^^^^^^^^^^^^^^^^^^^^^^^^
Dead code
----------
77. WARNING in /home/yy66/eclipse.build/plugins/q7/src/parser/Q7.java (at line 806)
	static private boolean jj_semLA;
	                       ^^^^^^^^
The field Q7.jj_semLA is never read locally
----------
78. WARNING in /home/yy66/eclipse.build/plugins/q7/src/parser/Q7.java (at line 850)
	token_source.ReInit(jj_input_stream);
	^^^^^^^^^^^^^^^^^^^^^^^^^^^^^^^^^^^^
The static method ReInit(JavaCharStream) from the type Q7TokenManager should be accessed in a static way
----------
79. WARNING in /home/yy66/eclipse.build/plugins/q7/src/parser/Q7.java (at line 877)
	token_source.ReInit(jj_input_stream);
	^^^^^^^^^^^^^^^^^^^^^^^^^^^^^^^^^^^^
The static method ReInit(JavaCharStream) from the type Q7TokenManager should be accessed in a static way
----------
80. WARNING in /home/yy66/eclipse.build/plugins/q7/src/parser/Q7.java (at line 913)
	else token = token.next = token_source.getNextToken();
	                          ^^^^^^^^^^^^^^^^^^^^^^^^^^^
The static method getNextToken() from the type Q7TokenManager should be accessed in a static way
----------
81. WARNING in /home/yy66/eclipse.build/plugins/q7/src/parser/Q7.java (at line 934)
	static private final class LookaheadSuccess extends java.lang.Error { }
	                           ^^^^^^^^^^^^^^^^
The serializable class LookaheadSuccess does not declare a static final serialVersionUID field of type long
----------
82. WARNING in /home/yy66/eclipse.build/plugins/q7/src/parser/Q7.java (at line 940)
	jj_lastpos = jj_scanpos = jj_scanpos.next = token_source.getNextToken();
	                                            ^^^^^^^^^^^^^^^^^^^^^^^^^^^
The static method getNextToken() from the type Q7TokenManager should be accessed in a static way
----------
83. WARNING in /home/yy66/eclipse.build/plugins/q7/src/parser/Q7.java (at line 959)
	else token = token.next = token_source.getNextToken();
	                          ^^^^^^^^^^^^^^^^^^^^^^^^^^^
The static method getNextToken() from the type Q7TokenManager should be accessed in a static way
----------
84. WARNING in /home/yy66/eclipse.build/plugins/q7/src/parser/Q7.java (at line 969)
	else t = t.next = token_source.getNextToken();
	                  ^^^^^^^^^^^^^^^^^^^^^^^^^^^
The static method getNextToken() from the type Q7TokenManager should be accessed in a static way
----------
85. WARNING in /home/yy66/eclipse.build/plugins/q7/src/parser/Q7.java (at line 976)
	return (jj_ntk = (token.next=token_source.getNextToken()).kind);
	                             ^^^^^^^^^^^^^^^^^^^^^^^^^^^
The static method getNextToken() from the type Q7TokenManager should be accessed in a static way
----------
86. WARNING in /home/yy66/eclipse.build/plugins/q7/src/parser/Q7.java (at line 981)
	static private java.util.Vector jj_expentries = new java.util.Vector();
	               ^^^^^^^^^^^^^^^^
Vector is a raw type. References to generic type Vector<E> should be parameterized
----------
87. WARNING in /home/yy66/eclipse.build/plugins/q7/src/parser/Q7.java (at line 981)
	static private java.util.Vector jj_expentries = new java.util.Vector();
	                                                    ^^^^^^^^^^^^^^^^
Vector is a raw type. References to generic type Vector<E> should be parameterized
----------
88. WARNING in /home/yy66/eclipse.build/plugins/q7/src/parser/Q7.java (at line 997)
	for (java.util.Enumeration e = jj_expentries.elements(); e.hasMoreElements();) {
	     ^^^^^^^^^^^^^^^^^^^^^
Enumeration is a raw type. References to generic type Enumeration<E> should be parameterized
----------
89. WARNING in /home/yy66/eclipse.build/plugins/q7/src/parser/Q7.java (at line 1010)
	if (!exists) jj_expentries.addElement(jj_expentry);
	             ^^^^^^^^^^^^^^^^^^^^^^^^^^^^^^^^^^^^^
Type safety: The method addElement(Object) belongs to the raw type Vector. References to generic type Vector<E> should be parameterized
----------
90. WARNING in /home/yy66/eclipse.build/plugins/q7/src/parser/Q7.java (at line 1041)
	jj_expentries.addElement(jj_expentry);
	^^^^^^^^^^^^^^^^^^^^^^^^^^^^^^^^^^^^^
Type safety: The method addElement(Object) belongs to the raw type Vector. References to generic type Vector<E> should be parameterized
----------
----------
91. WARNING in /home/yy66/eclipse.build/plugins/q7/src/parser/Q7TokenManager.java (at line 3)
	import model.Advice;
	       ^^^^^^^^^^^^
The import model.Advice is never used
----------
92. WARNING in /home/yy66/eclipse.build/plugins/q7/src/parser/Q7TokenManager.java (at line 4)
	import model.Effect;
	       ^^^^^^^^^^^^
The import model.Effect is never used
----------
93. WARNING in /home/yy66/eclipse.build/plugins/q7/src/parser/Q7TokenManager.java (at line 5)
	import model.How;
	       ^^^^^^^^^
The import model.How is never used
----------
94. WARNING in /home/yy66/eclipse.build/plugins/q7/src/parser/Q7TokenManager.java (at line 6)
	import model.Pointcut;
	       ^^^^^^^^^^^^^^
The import model.Pointcut is never used
----------
95. WARNING in /home/yy66/eclipse.build/plugins/q7/src/parser/Q7TokenManager.java (at line 7)
	import model.Entity;
	       ^^^^^^^^^^^^
The import model.Entity is never used
----------
96. WARNING in /home/yy66/eclipse.build/plugins/q7/src/parser/Q7TokenManager.java (at line 8)
	import java.util.Hashtable;
	       ^^^^^^^^^^^^^^^^^^^
The import java.util.Hashtable is never used
----------
97. WARNING in /home/yy66/eclipse.build/plugins/q7/src/parser/Q7TokenManager.java (at line 9)
	import java.io.InputStream;
	       ^^^^^^^^^^^^^^^^^^^
The import java.io.InputStream is never used
----------
98. WARNING in /home/yy66/eclipse.build/plugins/q7/src/parser/Q7TokenManager.java (at line 80)
	try { curChar = input_stream.readChar(); }
	                ^^^^^^^^^^^^^^^^^^^^^^^
The static method readChar() from the type JavaCharStream should be accessed in a static way
----------
99. WARNING in /home/yy66/eclipse.build/plugins/q7/src/parser/Q7TokenManager.java (at line 156)
	try { curChar = input_stream.readChar(); }
	                ^^^^^^^^^^^^^^^^^^^^^^^
The static method readChar() from the type JavaCharStream should be accessed in a static way
----------
100. WARNING in /home/yy66/eclipse.build/plugins/q7/src/parser/Q7TokenManager.java (at line 234)
	try { curChar = input_stream.readChar(); }
	                ^^^^^^^^^^^^^^^^^^^^^^^
The static method readChar() from the type JavaCharStream should be accessed in a static way
----------
101. WARNING in /home/yy66/eclipse.build/plugins/q7/src/parser/Q7TokenManager.java (at line 262)
	try { curChar = input_stream.readChar(); }
	                ^^^^^^^^^^^^^^^^^^^^^^^
The static method readChar() from the type JavaCharStream should be accessed in a static way
----------
102. WARNING in /home/yy66/eclipse.build/plugins/q7/src/parser/Q7TokenManager.java (at line 284)
	try { curChar = input_stream.readChar(); }
	                ^^^^^^^^^^^^^^^^^^^^^^^
The static method readChar() from the type JavaCharStream should be accessed in a static way
----------
103. WARNING in /home/yy66/eclipse.build/plugins/q7/src/parser/Q7TokenManager.java (at line 325)
	static private final void jjCheckNAddStates(int start)
	                          ^^^^^^^^^^^^^^^^^^^^^^^^^^^^
The method jjCheckNAddStates(int) from the type Q7TokenManager is never used locally
----------
104. WARNING in /home/yy66/eclipse.build/plugins/q7/src/parser/Q7TokenManager.java (at line 356)
	int[] nextStates;
	      ^^^^^^^^^^
The local variable nextStates is never read
----------
105. WARNING in /home/yy66/eclipse.build/plugins/q7/src/parser/Q7TokenManager.java (at line 361)
	int j, kind = 0x7fffffff;
	    ^
The local variable j is never read
----------
106. WARNING in /home/yy66/eclipse.build/plugins/q7/src/parser/Q7TokenManager.java (at line 369)
	MatchLoop: do
	^^^^^^^^^
The label MatchLoop is never explicitly referenced
----------
107. WARNING in /home/yy66/eclipse.build/plugins/q7/src/parser/Q7TokenManager.java (at line 672)
	MatchLoop: do
	^^^^^^^^^
The label MatchLoop is never explicitly referenced
----------
108. WARNING in /home/yy66/eclipse.build/plugins/q7/src/parser/Q7TokenManager.java (at line 758)
	MatchLoop: do
	^^^^^^^^^
The label MatchLoop is never explicitly referenced
----------
109. WARNING in /home/yy66/eclipse.build/plugins/q7/src/parser/Q7TokenManager.java (at line 795)
	try { curChar = input_stream.readChar(); }
	                ^^^^^^^^^^^^^^^^^^^^^^^
The static method readChar() from the type JavaCharStream should be accessed in a static way
----------
110. WARNING in /home/yy66/eclipse.build/plugins/q7/src/parser/Q7TokenManager.java (at line 811)
	try { curChar = input_stream.readChar(); }
	                ^^^^^^^^^^^^^^^^^^^^^^^
The static method readChar() from the type JavaCharStream should be accessed in a static way
----------
111. WARNING in /home/yy66/eclipse.build/plugins/q7/src/parser/Q7TokenManager.java (at line 832)
	int[] nextStates;
	      ^^^^^^^^^^
The local variable nextStates is never read
----------
112. WARNING in /home/yy66/eclipse.build/plugins/q7/src/parser/Q7TokenManager.java (at line 837)
	int j, kind = 0x7fffffff;
	    ^
The local variable j is never read
----------
113. WARNING in /home/yy66/eclipse.build/plugins/q7/src/parser/Q7TokenManager.java (at line 845)
	MatchLoop: do
	^^^^^^^^^
The label MatchLoop is never explicitly referenced
----------
114. WARNING in /home/yy66/eclipse.build/plugins/q7/src/parser/Q7TokenManager.java (at line 872)
	long l = 1L << (curChar & 077);
	     ^
The local variable l is never read
----------
115. WARNING in /home/yy66/eclipse.build/plugins/q7/src/parser/Q7TokenManager.java (at line 873)
	MatchLoop: do
	^^^^^^^^^
The label MatchLoop is never explicitly referenced
----------
116. WARNING in /home/yy66/eclipse.build/plugins/q7/src/parser/Q7TokenManager.java (at line 884)
	int i1 = hiByte >> 6;
	    ^^
The local variable i1 is never read
----------
117. WARNING in /home/yy66/eclipse.build/plugins/q7/src/parser/Q7TokenManager.java (at line 885)
	long l1 = 1L << (hiByte & 077);
	     ^^
The local variable l1 is never read
----------
118. WARNING in /home/yy66/eclipse.build/plugins/q7/src/parser/Q7TokenManager.java (at line 886)
	int i2 = (curChar & 0xff) >> 6;
	    ^^
The local variable i2 is never read
----------
119. WARNING in /home/yy66/eclipse.build/plugins/q7/src/parser/Q7TokenManager.java (at line 887)
	long l2 = 1L << (curChar & 077);
	     ^^
The local variable l2 is never read
----------
120. WARNING in /home/yy66/eclipse.build/plugins/q7/src/parser/Q7TokenManager.java (at line 888)
	MatchLoop: do
	^^^^^^^^^
The label MatchLoop is never explicitly referenced
----------
121. WARNING in /home/yy66/eclipse.build/plugins/q7/src/parser/Q7TokenManager.java (at line 905)
	try { curChar = input_stream.readChar(); }
	                ^^^^^^^^^^^^^^^^^^^^^^^
The static method readChar() from the type JavaCharStream should be accessed in a static way
----------
122. WARNING in /home/yy66/eclipse.build/plugins/q7/src/parser/Q7TokenManager.java (at line 921)
	try { curChar = input_stream.readChar(); }
	                ^^^^^^^^^^^^^^^^^^^^^^^
The static method readChar() from the type JavaCharStream should be accessed in a static way
----------
123. WARNING in /home/yy66/eclipse.build/plugins/q7/src/parser/Q7TokenManager.java (at line 1053)
	t.image = (im == null) ? input_stream.GetImage() : im;
	                         ^^^^^^^^^^^^^^^^^^^^^^^
The static method GetImage() from the type JavaCharStream should be accessed in a static way
----------
124. WARNING in /home/yy66/eclipse.build/plugins/q7/src/parser/Q7TokenManager.java (at line 1054)
	t.beginLine = input_stream.getBeginLine();
	              ^^^^^^^^^^^^^^^^^^^^^^^^^^^
The static method getBeginLine() from the type JavaCharStream should be accessed in a static way
----------
125. WARNING in /home/yy66/eclipse.build/plugins/q7/src/parser/Q7TokenManager.java (at line 1055)
	t.beginColumn = input_stream.getBeginColumn();
	                ^^^^^^^^^^^^^^^^^^^^^^^^^^^^^
The static method getBeginColumn() from the type JavaCharStream should be accessed in a static way
----------
126. WARNING in /home/yy66/eclipse.build/plugins/q7/src/parser/Q7TokenManager.java (at line 1056)
	t.endLine = input_stream.getEndLine();
	            ^^^^^^^^^^^^^^^^^^^^^^^^^
The static method getEndLine() from the type JavaCharStream should be accessed in a static way
----------
127. WARNING in /home/yy66/eclipse.build/plugins/q7/src/parser/Q7TokenManager.java (at line 1057)
	t.endColumn = input_stream.getEndColumn();
	              ^^^^^^^^^^^^^^^^^^^^^^^^^^^
The static method getEndColumn() from the type JavaCharStream should be accessed in a static way
----------
128. WARNING in /home/yy66/eclipse.build/plugins/q7/src/parser/Q7TokenManager.java (at line 1070)
	int kind;
	    ^^^^
The local variable kind is never read
----------
129. WARNING in /home/yy66/eclipse.build/plugins/q7/src/parser/Q7TokenManager.java (at line 1080)
	curChar = input_stream.BeginToken();
	          ^^^^^^^^^^^^^^^^^^^^^^^^^
The static method BeginToken() from the type JavaCharStream should be accessed in a static way
----------
130. WARNING in /home/yy66/eclipse.build/plugins/q7/src/parser/Q7TokenManager.java (at line 1097)
	try { input_stream.backup(0);
	      ^^^^^^^^^^^^^^^^^^^^^^
The static method backup(int) from the type JavaCharStream should be accessed in a static way
----------
131. WARNING in /home/yy66/eclipse.build/plugins/q7/src/parser/Q7TokenManager.java (at line 1099)
	curChar = input_stream.BeginToken();
	          ^^^^^^^^^^^^^^^^^^^^^^^^^
The static method BeginToken() from the type JavaCharStream should be accessed in a static way
----------
132. WARNING in /home/yy66/eclipse.build/plugins/q7/src/parser/Q7TokenManager.java (at line 1137)
	input_stream.backup(curPos - jjmatchedPos - 1);
	^^^^^^^^^^^^^^^^^^^^^^^^^^^^^^^^^^^^^^^^^^^^^^
The static method backup(int) from the type JavaCharStream should be accessed in a static way
----------
133. WARNING in /home/yy66/eclipse.build/plugins/q7/src/parser/Q7TokenManager.java (at line 1172)
	curChar = input_stream.readChar();
	          ^^^^^^^^^^^^^^^^^^^^^^^
The static method readChar() from the type JavaCharStream should be accessed in a static way
----------
134. WARNING in /home/yy66/eclipse.build/plugins/q7/src/parser/Q7TokenManager.java (at line 1177)
	int error_line = input_stream.getEndLine();
	                 ^^^^^^^^^^^^^^^^^^^^^^^^^
The static method getEndLine() from the type JavaCharStream should be accessed in a static way
----------
135. WARNING in /home/yy66/eclipse.build/plugins/q7/src/parser/Q7TokenManager.java (at line 1178)
	int error_column = input_stream.getEndColumn();
	                   ^^^^^^^^^^^^^^^^^^^^^^^^^^^
The static method getEndColumn() from the type JavaCharStream should be accessed in a static way
----------
136. WARNING in /home/yy66/eclipse.build/plugins/q7/src/parser/Q7TokenManager.java (at line 1181)
	try { input_stream.readChar(); input_stream.backup(1); }
	      ^^^^^^^^^^^^^^^^^^^^^^^
The static method readChar() from the type JavaCharStream should be accessed in a static way
----------
137. WARNING in /home/yy66/eclipse.build/plugins/q7/src/parser/Q7TokenManager.java (at line 1181)
	try { input_stream.readChar(); input_stream.backup(1); }
	                               ^^^^^^^^^^^^^^^^^^^^^^
The static method backup(int) from the type JavaCharStream should be accessed in a static way
----------
138. WARNING in /home/yy66/eclipse.build/plugins/q7/src/parser/Q7TokenManager.java (at line 1184)
	error_after = curPos <= 1 ? "" : input_stream.GetImage();
	                                 ^^^^^^^^^^^^^^^^^^^^^^^
The static method GetImage() from the type JavaCharStream should be accessed in a static way
----------
139. WARNING in /home/yy66/eclipse.build/plugins/q7/src/parser/Q7TokenManager.java (at line 1193)
	input_stream.backup(1);
	^^^^^^^^^^^^^^^^^^^^^^
The static method backup(int) from the type JavaCharStream should be accessed in a static way
----------
140. WARNING in /home/yy66/eclipse.build/plugins/q7/src/parser/Q7TokenManager.java (at line 1194)
	error_after = curPos <= 1 ? "" : input_stream.GetImage();
	                                 ^^^^^^^^^^^^^^^^^^^^^^^
The static method GetImage() from the type JavaCharStream should be accessed in a static way
----------
141. WARNING in /home/yy66/eclipse.build/plugins/q7/src/parser/Q7TokenManager.java (at line 1208)
	image.append(input_stream.GetSuffix(jjimageLen + (lengthOfMatch = jjmatchedPos + 1)));
	             ^^^^^^^^^^^^^^^^^^^^^^^^^^^^^^^^^^^^^^^^^^^^^^^^^^^^^^^^^^^^^^^^^^^^^^^
The static method GetSuffix(int) from the type JavaCharStream should be accessed in a static way
----------
142. WARNING in /home/yy66/eclipse.build/plugins/q7/src/parser/Q7TokenManager.java (at line 1226)
	image.append(input_stream.GetSuffix(jjimageLen));
	             ^^^^^^^^^^^^^^^^^^^^^^^^^^^^^^^^^^
The static method GetSuffix(int) from the type JavaCharStream should be accessed in a static way
----------
143. WARNING in /home/yy66/eclipse.build/plugins/q7/src/parser/Q7TokenManager.java (at line 1228)
	input_stream.backup(1);
	^^^^^^^^^^^^^^^^^^^^^^
The static method backup(int) from the type JavaCharStream should be accessed in a static way
----------
----------
144. WARNING in /home/yy66/eclipse.build/plugins/q7/src/q7dsl/DecompositionType.java (at line 145)
	public static final List VALUES = Collections.unmodifiableList(Arrays.asList(VALUES_ARRAY));
	                    ^^^^
List is a raw type. References to generic type List<E> should be parameterized
----------
----------
145. WARNING in /home/yy66/eclipse.build/plugins/q7/src/q7dsl/Enrichment.java (at line 197)
	public static final List VALUES = Collections.unmodifiableList(Arrays.asList(VALUES_ARRAY));
	                    ^^^^
List is a raw type. References to generic type List<E> should be parameterized
----------
----------
146. WARNING in /home/yy66/eclipse.build/plugins/q7/src/q7dsl/How.java (at line 45)
	EList getAdvices();
	^^^^^
EList is a raw type. References to generic type EList<E> should be parameterized
----------
----------
147. WARNING in /home/yy66/eclipse.build/plugins/q7/src/q7dsl/HowMuchRules.java (at line 43)
	EList getHowmuch();
	^^^^^
EList is a raw type. References to generic type EList<E> should be parameterized
----------
----------
148. WARNING in /home/yy66/eclipse.build/plugins/q7/src/q7dsl/LabelEnumerator.java (at line 197)
	public static final List VALUES = Collections.unmodifiableList(Arrays.asList(VALUES_ARRAY));
	                    ^^^^
List is a raw type. References to generic type List<E> should be parameterized
----------
----------
149. WARNING in /home/yy66/eclipse.build/plugins/q7/src/q7dsl/Model.java (at line 43)
	EList getAdvices();
	^^^^^
EList is a raw type. References to generic type EList<E> should be parameterized
----------
----------
150. WARNING in /home/yy66/eclipse.build/plugins/q7/src/q7dsl/Op.java (at line 249)
	public static final List VALUES = Collections.unmodifiableList(Arrays.asList(VALUES_ARRAY));
	                    ^^^^
List is a raw type. References to generic type List<E> should be parameterized
----------
----------
151. WARNING in /home/yy66/eclipse.build/plugins/q7/src/q7dsl/What.java (at line 43)
	EList getTopics();
	^^^^^
EList is a raw type. References to generic type EList<E> should be parameterized
----------
----------
152. WARNING in /home/yy66/eclipse.build/plugins/q7/src/q7dsl/impl/HowImpl.java (at line 51)
	protected EList advices = null;
	          ^^^^^
EList is a raw type. References to generic type EList<E> should be parameterized
----------
153. WARNING in /home/yy66/eclipse.build/plugins/q7/src/q7dsl/impl/HowImpl.java (at line 116)
	public EList getAdvices() {
	       ^^^^^
EList is a raw type. References to generic type EList<E> should be parameterized
----------
154. WARNING in /home/yy66/eclipse.build/plugins/q7/src/q7dsl/impl/HowImpl.java (at line 118)
	advices = new EObjectContainmentEList(Advice.class, this, Q7dslPackage.HOW__ADVICES);
	          ^^^^^^^^^^^^^^^^^^^^^^^^^^^^^^^^^^^^^^^^^^^^^^^^^^^^^^^^^^^^^^^^^^^^^^^^^^
Type safety: The constructor EObjectContainmentEList(Class, InternalEObject, int) belongs to the raw type EObjectContainmentEList. References to generic type EObjectContainmentEList<E> should be parameterized
----------
155. WARNING in /home/yy66/eclipse.build/plugins/q7/src/q7dsl/impl/HowImpl.java (at line 118)
	advices = new EObjectContainmentEList(Advice.class, this, Q7dslPackage.HOW__ADVICES);
	              ^^^^^^^^^^^^^^^^^^^^^^^
EObjectContainmentEList is a raw type. References to generic type EObjectContainmentEList<E> should be parameterized
----------
156. WARNING in /home/yy66/eclipse.build/plugins/q7/src/q7dsl/impl/HowImpl.java (at line 173)
	return ((InternalEList)getAdvices()).basicRemove(otherEnd, msgs);
	         ^^^^^^^^^^^^^
InternalEList is a raw type. References to generic type InternalEList<E> should be parameterized
----------
157. WARNING in /home/yy66/eclipse.build/plugins/q7/src/q7dsl/impl/HowImpl.java (at line 204)
	getAdvices().addAll((Collection)newValue);
	^^^^^^^^^^^^^^^^^^^^^^^^^^^^^^^^^^^^^^^^^
Type safety: The method addAll(Collection) belongs to the raw type List. References to generic type List<E> should be parameterized
----------
158. WARNING in /home/yy66/eclipse.build/plugins/q7/src/q7dsl/impl/HowImpl.java (at line 204)
	getAdvices().addAll((Collection)newValue);
	                     ^^^^^^^^^^
Collection is a raw type. References to generic type Collection<E> should be parameterized
----------
----------
159. WARNING in /home/yy66/eclipse.build/plugins/q7/src/q7dsl/impl/HowMuchRulesImpl.java (at line 45)
	protected EList howmuch = null;
	          ^^^^^
EList is a raw type. References to generic type EList<E> should be parameterized
----------
160. WARNING in /home/yy66/eclipse.build/plugins/q7/src/q7dsl/impl/HowMuchRulesImpl.java (at line 70)
	public EList getHowmuch() {
	       ^^^^^
EList is a raw type. References to generic type EList<E> should be parameterized
----------
161. WARNING in /home/yy66/eclipse.build/plugins/q7/src/q7dsl/impl/HowMuchRulesImpl.java (at line 72)
	howmuch = new EObjectContainmentEList(HowMuch.class, this, Q7dslPackage.HOW_MUCH_RULES__HOWMUCH);
	          ^^^^^^^^^^^^^^^^^^^^^^^^^^^^^^^^^^^^^^^^^^^^^^^^^^^^^^^^^^^^^^^^^^^^^^^^^^^^^^^^^^^^^^
Type safety: The constructor EObjectContainmentEList(Class, InternalEObject, int) belongs to the raw type EObjectContainmentEList. References to generic type EObjectContainmentEList<E> should be parameterized
----------
162. WARNING in /home/yy66/eclipse.build/plugins/q7/src/q7dsl/impl/HowMuchRulesImpl.java (at line 72)
	howmuch = new EObjectContainmentEList(HowMuch.class, this, Q7dslPackage.HOW_MUCH_RULES__HOWMUCH);
	              ^^^^^^^^^^^^^^^^^^^^^^^
EObjectContainmentEList is a raw type. References to generic type EObjectContainmentEList<E> should be parameterized
----------
163. WARNING in /home/yy66/eclipse.build/plugins/q7/src/q7dsl/impl/HowMuchRulesImpl.java (at line 85)
	return ((InternalEList)getHowmuch()).basicRemove(otherEnd, msgs);
	         ^^^^^^^^^^^^^
InternalEList is a raw type. References to generic type InternalEList<E> should be parameterized
----------
164. WARNING in /home/yy66/eclipse.build/plugins/q7/src/q7dsl/impl/HowMuchRulesImpl.java (at line 112)
	getHowmuch().addAll((Collection)newValue);
	^^^^^^^^^^^^^^^^^^^^^^^^^^^^^^^^^^^^^^^^^
Type safety: The method addAll(Collection) belongs to the raw type List. References to generic type List<E> should be parameterized
----------
165. WARNING in /home/yy66/eclipse.build/plugins/q7/src/q7dsl/impl/HowMuchRulesImpl.java (at line 112)
	getHowmuch().addAll((Collection)newValue);
	                     ^^^^^^^^^^
Collection is a raw type. References to generic type Collection<E> should be parameterized
----------
----------
166. WARNING in /home/yy66/eclipse.build/plugins/q7/src/q7dsl/impl/ModelImpl.java (at line 45)
	protected EList advices = null;
	          ^^^^^
EList is a raw type. References to generic type EList<E> should be parameterized
----------
167. WARNING in /home/yy66/eclipse.build/plugins/q7/src/q7dsl/impl/ModelImpl.java (at line 70)
	public EList getAdvices() {
	       ^^^^^
EList is a raw type. References to generic type EList<E> should be parameterized
----------
168. WARNING in /home/yy66/eclipse.build/plugins/q7/src/q7dsl/impl/ModelImpl.java (at line 72)
	advices = new EObjectContainmentEList(Advice.class, this, Q7dslPackage.MODEL__ADVICES);
	          ^^^^^^^^^^^^^^^^^^^^^^^^^^^^^^^^^^^^^^^^^^^^^^^^^^^^^^^^^^^^^^^^^^^^^^^^^^^^
Type safety: The constructor EObjectContainmentEList(Class, InternalEObject, int) belongs to the raw type EObjectContainmentEList. References to generic type EObjectContainmentEList<E> should be parameterized
----------
169. WARNING in /home/yy66/eclipse.build/plugins/q7/src/q7dsl/impl/ModelImpl.java (at line 72)
	advices = new EObjectContainmentEList(Advice.class, this, Q7dslPackage.MODEL__ADVICES);
	              ^^^^^^^^^^^^^^^^^^^^^^^
EObjectContainmentEList is a raw type. References to generic type EObjectContainmentEList<E> should be parameterized
----------
170. WARNING in /home/yy66/eclipse.build/plugins/q7/src/q7dsl/impl/ModelImpl.java (at line 85)
	return ((InternalEList)getAdvices()).basicRemove(otherEnd, msgs);
	         ^^^^^^^^^^^^^
InternalEList is a raw type. References to generic type InternalEList<E> should be parameterized
----------
171. WARNING in /home/yy66/eclipse.build/plugins/q7/src/q7dsl/impl/ModelImpl.java (at line 112)
	getAdvices().addAll((Collection)newValue);
	^^^^^^^^^^^^^^^^^^^^^^^^^^^^^^^^^^^^^^^^^
Type safety: The method addAll(Collection) belongs to the raw type List. References to generic type List<E> should be parameterized
----------
172. WARNING in /home/yy66/eclipse.build/plugins/q7/src/q7dsl/impl/ModelImpl.java (at line 112)
	getAdvices().addAll((Collection)newValue);
	                     ^^^^^^^^^^
Collection is a raw type. References to generic type Collection<E> should be parameterized
----------
----------
173. WARNING in /home/yy66/eclipse.build/plugins/q7/src/q7dsl/impl/WhatImpl.java (at line 45)
	protected EList topics = null;
	          ^^^^^
EList is a raw type. References to generic type EList<E> should be parameterized
----------
174. WARNING in /home/yy66/eclipse.build/plugins/q7/src/q7dsl/impl/WhatImpl.java (at line 70)
	public EList getTopics() {
	       ^^^^^
EList is a raw type. References to generic type EList<E> should be parameterized
----------
175. WARNING in /home/yy66/eclipse.build/plugins/q7/src/q7dsl/impl/WhatImpl.java (at line 72)
	topics = new EObjectContainmentEList(Topic.class, this, Q7dslPackage.WHAT__TOPICS);
	         ^^^^^^^^^^^^^^^^^^^^^^^^^^^^^^^^^^^^^^^^^^^^^^^^^^^^^^^^^^^^^^^^^^^^^^^^^
Type safety: The constructor EObjectContainmentEList(Class, InternalEObject, int) belongs to the raw type EObjectContainmentEList. References to generic type EObjectContainmentEList<E> should be parameterized
----------
176. WARNING in /home/yy66/eclipse.build/plugins/q7/src/q7dsl/impl/WhatImpl.java (at line 72)
	topics = new EObjectContainmentEList(Topic.class, this, Q7dslPackage.WHAT__TOPICS);
	             ^^^^^^^^^^^^^^^^^^^^^^^
EObjectContainmentEList is a raw type. References to generic type EObjectContainmentEList<E> should be parameterized
----------
177. WARNING in /home/yy66/eclipse.build/plugins/q7/src/q7dsl/impl/WhatImpl.java (at line 85)
	return ((InternalEList)getTopics()).basicRemove(otherEnd, msgs);
	         ^^^^^^^^^^^^^
InternalEList is a raw type. References to generic type InternalEList<E> should be parameterized
----------
178. WARNING in /home/yy66/eclipse.build/plugins/q7/src/q7dsl/impl/WhatImpl.java (at line 112)
	getTopics().addAll((Collection)newValue);
	^^^^^^^^^^^^^^^^^^^^^^^^^^^^^^^^^^^^^^^^
Type safety: The method addAll(Collection) belongs to the raw type List. References to generic type List<E> should be parameterized
----------
179. WARNING in /home/yy66/eclipse.build/plugins/q7/src/q7dsl/impl/WhatImpl.java (at line 112)
	getTopics().addAll((Collection)newValue);
	                    ^^^^^^^^^^
Collection is a raw type. References to generic type Collection<E> should be parameterized
----------
----------
180. WARNING in /home/yy66/eclipse.build/plugins/q7/src/q7dsl/util/Q7dslSwitch.java (at line 87)
	List eSuperTypes = theEClass.getESuperTypes();
	^^^^
List is a raw type. References to generic type List<E> should be parameterized
----------
180 problems (180 warnings)[68 .class files generated]
