# 20/01/10 08:47:27 GMT
# Eclipse Java Compiler 0.963, 3.5.0 rc3, Copyright IBM Corp 2000, 2008. All rights reserved.
----------
1. WARNING in /home/yy66/eclipse.build/plugins/edu.toronto.cs.openome_model.editor/src/edu/toronto/cs/openome_model/presentation/openome_modelActionBarContributor.java (at line 28)
	import org.eclipse.jface.action.IMenuListener;
	       ^^^^^^^^^^^^^^^^^^^^^^^^^^^^^^^^^^^^^^
The import org.eclipse.jface.action.IMenuListener is never used
----------
----------
2. WARNING in /home/yy66/eclipse.build/plugins/edu.toronto.cs.openome_model.editor/src/edu/toronto/cs/openome_model/presentation/openome_modelEditor.java (at line 85)
	import org.eclipse.ui.IFileEditorInput;
	       ^^^^^^^^^^^^^^^^^^^^^^^^^^^^^^^
The import org.eclipse.ui.IFileEditorInput is never used
----------
3. WARNING in /home/yy66/eclipse.build/plugins/edu.toronto.cs.openome_model.editor/src/edu/toronto/cs/openome_model/presentation/openome_modelEditor.java (at line 153)
	import org.eclipse.emf.edit.ui.provider.UnwrappingSelectionProvider;
	       ^^^^^^^^^^^^^^^^^^^^^^^^^^^^^^^^^^^^^^^^^^^^^^^^^^^^^^^^^^^^
The import org.eclipse.emf.edit.ui.provider.UnwrappingSelectionProvider is never used
----------
4. WARNING in /home/yy66/eclipse.build/plugins/edu.toronto.cs.openome_model.editor/src/edu/toronto/cs/openome_model/presentation/openome_modelEditor.java (at line 1821)
	Map saveOptions = new HashMap();
	^^^
Map is a raw type. References to generic type Map<K,V> should be parameterized
----------
5. WARNING in /home/yy66/eclipse.build/plugins/edu.toronto.cs.openome_model.editor/src/edu/toronto/cs/openome_model/presentation/openome_modelEditor.java (at line 1821)
	Map saveOptions = new HashMap();
	                      ^^^^^^^
HashMap is a raw type. References to generic type HashMap<K,V> should be parameterized
----------
6. WARNING in /home/yy66/eclipse.build/plugins/edu.toronto.cs.openome_model.editor/src/edu/toronto/cs/openome_model/presentation/openome_modelEditor.java (at line 1822)
	saveOptions.put(Resource.OPTION_SAVE_ONLY_IF_CHANGED, Resource.OPTION_SAVE_ONLY_IF_CHANGED_MEMORY_BUFFER);
	^^^^^^^^^^^^^^^^^^^^^^^^^^^^^^^^^^^^^^^^^^^^^^^^^^^^^^^^^^^^^^^^^^^^^^^^^^^^^^^^^^^^^^^^^^^^^^^^^^^^^^^^^
Type safety: The method put(Object, Object) belongs to the raw type Map. References to generic type Map<K,V> should be parameterized
----------
6 problems (6 warnings)[38 .class files generated]
