# 20/01/10 08:47:27 GMT
# Eclipse Java Compiler 0.963, 3.5.0 rc3, Copyright IBM Corp 2000, 2008. All rights reserved.
----------
1. WARNING in /home/yy66/eclipse.build/plugins/edu.toronto.cs.openome_model.edit/src/edu/toronto/cs/openome_model/provider/AssociationItemProvider.java (at line 17)
	import org.eclipse.emf.common.util.ResourceLocator;
	       ^^^^^^^^^^^^^^^^^^^^^^^^^^^^^^^^^^^^^^^^^^^
The import org.eclipse.emf.common.util.ResourceLocator is never used
----------
2. WARNING in /home/yy66/eclipse.build/plugins/edu.toronto.cs.openome_model.edit/src/edu/toronto/cs/openome_model/provider/AssociationItemProvider.java (at line 26)
	import org.eclipse.emf.edit.provider.ItemProviderAdapter;
	       ^^^^^^^^^^^^^^^^^^^^^^^^^^^^^^^^^^^^^^^^^^^^^^^^^
The import org.eclipse.emf.edit.provider.ItemProviderAdapter is never used
----------
----------
3. WARNING in /home/yy66/eclipse.build/plugins/edu.toronto.cs.openome_model.edit/src/edu/toronto/cs/openome_model/provider/openome_modelItemProviderAdapterFactory.java (at line 916)
	if (!(type instanceof Class) || (((Class<?>)type).isInstance(adapter))) {
	                      ^^^^^
Class is a raw type. References to generic type Class<T> should be parameterized
----------
3 problems (3 warnings)[40 .class files generated]
